<?xml version="1.0" encoding="UTF-8"?>
<!-- Generated by org.testng.reporters.JUnitXMLReporter -->
<testsuite hostname="Surajs-MacBook-Pro.local" ignored="0" name="Default test" tests="3" failures="0" timestamp="2020-08-09T18:27:14 NPT" time="41.162" errors="0">
  <testcase name="practiceFormTest" time="14.912" classname="com.qa.demoqa.tests.PracticeFormTest"/>
  <testcase name="practiceFormTestDDT" time="9.482" classname="com.qa.demoqa.tests.PracticeFormTest"/>
  <testcase name="practiceFormTestDDT" time="9.329" classname="com.qa.demoqa.tests.PracticeFormTest"/>
</testsuite> <!-- Default test -->
