<?xml version="1.0" encoding="UTF-8"?>
<!-- Generated by org.testng.reporters.JUnitXMLReporter -->
<testsuite hostname="Surajs-MacBook-Pro.local" ignored="0" name="Test" tests="5" failures="0" timestamp="2020-08-08T22:05:15 NPT" time="45.28" errors="0">
  <testcase name="clickBrowserWindowsTest" time="10.102" classname="com.qa.demoqa.tests.AlertFrameWindowsTest"/>
  <testcase name="clickAlertTest" time="5.053" classname="com.qa.demoqa.tests.AlertFrameWindowsTest"/>
  <testcase name="clickFramesTest" time="5.059" classname="com.qa.demoqa.tests.AlertFrameWindowsTest"/>
  <testcase name="clickNestedFramesTest" time="5.052" classname="com.qa.demoqa.tests.AlertFrameWindowsTest"/>
  <testcase name="clickModalDialogsTest" time="5.058" classname="com.qa.demoqa.tests.AlertFrameWindowsTest"/>
</testsuite> <!-- Test -->
