<?xml version="1.0" encoding="UTF-8"?>
<!-- Generated by org.testng.reporters.JUnitXMLReporter -->
<testsuite hostname="Surajs-MacBook-Pro.local" ignored="0" name="DemoQA HomePageTest" tests="3" failures="0" timestamp="2020-08-09T14:56:25 NPT" time="85.832" errors="0">
  <testcase name="verifyHomePageTitleTest" time="33.58" classname="com.qa.demoqa.tests.HomePageTest"/>
  <testcase name="verifyElementsIsPresentTest" time="20.028" classname="com.qa.demoqa.tests.HomePageTest"/>
  <testcase name="verifyElementsClickTest" time="25.047" classname="com.qa.demoqa.tests.HomePageTest"/>
</testsuite> <!-- DemoQA HomePageTest -->
