<?xml version="1.0" encoding="UTF-8"?>
<!-- Generated by org.testng.reporters.JUnitXMLReporter -->
<testsuite hostname="Surajs-MacBook-Pro.local" ignored="0" name="DemoQA Interactions" tests="5" failures="0" timestamp="2020-08-09T14:57:46 NPT" time="79.836" errors="0">
  <testcase name="clickSortableTest" time="30.519" classname="com.qa.demoqa.tests.InteractionsTest"/>
  <testcase name="clickSelectableTest" time="15.01" classname="com.qa.demoqa.tests.InteractionsTest"/>
  <testcase name="clickResizableTest" time="10.012" classname="com.qa.demoqa.tests.InteractionsTest"/>
  <testcase name="clickDroppableTest" time="10.012" classname="com.qa.demoqa.tests.InteractionsTest"/>
  <testcase name="clickDraggableTest" time="10.003" classname="com.qa.demoqa.tests.InteractionsTest"/>
</testsuite> <!-- DemoQA Interactions -->
