<?xml version="1.0" encoding="UTF-8"?>
<!-- Generated by org.testng.reporters.JUnitXMLReporter -->
<testsuite hostname="Surajs-MacBook-Pro.local" ignored="0" name="DemoQA Widgets" tests="9" failures="0" timestamp="2020-08-09T14:57:40 NPT" time="165.878" errors="0">
  <testcase name="clickAccordianTest" time="29.636" classname="com.qa.demoqa.tests.WidgetsTest"/>
  <testcase name="clickAutoCompleteTest" time="29.912" classname="com.qa.demoqa.tests.WidgetsTest"/>
  <testcase name="clickDatePickerTest" time="10.013" classname="com.qa.demoqa.tests.WidgetsTest"/>
  <testcase name="clickSliderTest" time="30.006" classname="com.qa.demoqa.tests.WidgetsTest"/>
  <testcase name="clickProgressBarTest" time="10.015" classname="com.qa.demoqa.tests.WidgetsTest"/>
  <testcase name="clickTabsTest" time="14.984" classname="com.qa.demoqa.tests.WidgetsTest"/>
  <testcase name="clickToolTipsTest" time="15.129" classname="com.qa.demoqa.tests.WidgetsTest"/>
  <testcase name="clickMenuTest" time="9.892" classname="com.qa.demoqa.tests.WidgetsTest"/>
  <testcase name="clickSelectMenuTest" time="10.018" classname="com.qa.demoqa.tests.WidgetsTest"/>
</testsuite> <!-- DemoQA Widgets -->
