<?xml version="1.0" encoding="UTF-8"?>
<!-- Generated by org.testng.reporters.JUnitXMLReporter -->
<testsuite hostname="Surajs-MacBook-Pro.local" ignored="0" name="DemoQA AlertFrameWindowsTest" tests="5" failures="0" timestamp="2020-08-09T14:57:00 NPT" time="126.546" errors="0">
  <testcase name="clickBrowserWindowsTest" time="39.927" classname="com.qa.demoqa.tests.AlertFrameWindowsTest"/>
  <testcase name="clickAlertTest" time="13.414" classname="com.qa.demoqa.tests.AlertFrameWindowsTest"/>
  <testcase name="clickFramesTest" time="25.741" classname="com.qa.demoqa.tests.AlertFrameWindowsTest"/>
  <testcase name="clickNestedFramesTest" time="9.294" classname="com.qa.demoqa.tests.AlertFrameWindowsTest"/>
  <testcase name="clickModalDialogsTest" time="30.624" classname="com.qa.demoqa.tests.AlertFrameWindowsTest"/>
</testsuite> <!-- DemoQA AlertFrameWindowsTest -->
