<?xml version="1.0" encoding="UTF-8"?>
<!-- Generated by org.testng.reporters.JUnitXMLReporter -->
<testsuite hostname="Surajs-MacBook-Pro.local" ignored="0" name="DemoQA HomePageTest" tests="3" failures="0" timestamp="13 Aug 2020 16:47:36 GMT" time="25.788" errors="0">
  <testcase name="verifyHomePageTitleTest" time="10.057" classname="com.qa.demoqa.tests.HomePageTest"/>
  <testcase name="verifyElementsIsPresentTest" time="5.051" classname="com.qa.demoqa.tests.HomePageTest"/>
  <testcase name="verifyElementsClickTest" time="5.089" classname="com.qa.demoqa.tests.HomePageTest"/>
</testsuite> <!-- DemoQA HomePageTest -->
