<?xml version="1.0" encoding="UTF-8"?>
<!-- Generated by org.testng.reporters.JUnitXMLReporter -->
<testsuite hostname="Surajs-MacBook-Pro.local" ignored="0" name="DemoQA AlertFrameWindowsTest" tests="5" failures="0" timestamp="09 Aug 2020 11:13:20 GMT" time="32.159" errors="0">
  <testcase name="clickBrowserWindowsTest" time="5.184" classname="com.qa.demoqa.tests.AlertFrameWindowsTest"/>
  <testcase name="clickAlertTest" time="5.145" classname="com.qa.demoqa.tests.AlertFrameWindowsTest"/>
  <testcase name="clickFramesTest" time="5.151" classname="com.qa.demoqa.tests.AlertFrameWindowsTest"/>
  <testcase name="clickNestedFramesTest" time="5.144" classname="com.qa.demoqa.tests.AlertFrameWindowsTest"/>
  <testcase name="clickModalDialogsTest" time="5.147" classname="com.qa.demoqa.tests.AlertFrameWindowsTest"/>
</testsuite> <!-- DemoQA AlertFrameWindowsTest -->
