<?xml version="1.0" encoding="UTF-8"?>
<!-- Generated by org.testng.reporters.JUnitXMLReporter -->
<testsuite hostname="Surajs-MacBook-Pro.local" ignored="0" name="DemoQA HomePageTest" tests="3" failures="0" timestamp="09 Aug 2020 11:12:11 GMT" time="26.218" errors="0">
  <testcase name="verifyHomePageTitleTest" time="10.064" classname="com.qa.demoqa.tests.HomePageTest"/>
  <testcase name="verifyElementsIsPresentTest" time="5.057" classname="com.qa.demoqa.tests.HomePageTest"/>
  <testcase name="verifyElementsClickTest" time="5.08" classname="com.qa.demoqa.tests.HomePageTest"/>
</testsuite> <!-- DemoQA HomePageTest -->
