<?xml version="1.0" encoding="UTF-8"?>
<!-- Generated by org.testng.reporters.JUnitXMLReporter -->
<testsuite hostname="Surajs-MacBook-Pro.local" ignored="0" name="DemoQA Interactions" tests="5" failures="0" timestamp="09 Aug 2020 11:15:09 GMT" time="41.005" errors="0">
  <testcase name="clickSortableTest" time="5.042" classname="com.qa.demoqa.tests.InteractionsTest"/>
  <testcase name="clickSelectableTest" time="5.04" classname="com.qa.demoqa.tests.InteractionsTest"/>
  <testcase name="clickResizableTest" time="5.039" classname="com.qa.demoqa.tests.InteractionsTest"/>
  <testcase name="clickDroppableTest" time="5.053" classname="com.qa.demoqa.tests.InteractionsTest"/>
  <testcase name="clickDraggableTest" time="5.036" classname="com.qa.demoqa.tests.InteractionsTest"/>
</testsuite> <!-- DemoQA Interactions -->
